<?xml version="1.0" encoding="UTF-8"?>
<!-- Generated by org.testng.reporters.JUnitReportReporter -->
<testsuite skipped="0" hostname="PBLAP1060" name="testCases.E2EProductPurchaseTestCase" tests="1" failures="0" timestamp="08 Nov 2022 11:21:33 GMT" time="60.491" errors="0">
  <testcase name="ValidateE2EProductPurchaseTestCase" time="60.491" classname="testCases.E2EProductPurchaseTestCase"/>
</testsuite> <!-- testCases.E2EProductPurchaseTestCase -->
